R406   SSSR=4 isolated-rings=5 comprexed-rings=1 computed_time=0.01sec.
Pazopanib SSSR=4 isolated-rings=5 comprexed-rings=0 computed_time=0.01sec.
INCB18424 SSSR=4 isolated-rings=5 comprexed-rings=1 computed_time=0.01sec.
GSK_1838705A SSSR=5 isolated-rings=7 comprexed-rings=2 computed_time=0.02sec.
LY_333531 SSSR=6 isolated-rings=25 comprexed-rings=104 computed_time=0.19sec.
PI_103 SSSR=5 isolated-rings=8 comprexed-rings=5 computed_time=0.02sec.
ABT_869 SSSR=4 isolated-rings=5 comprexed-rings=0 computed_time=0.01sec.
MLN_8054 SSSR=5 isolated-rings=8 comprexed-rings=5 computed_time=0.03sec.
BMS_540215 SSSR=4 isolated-rings=6 comprexed-rings=0 computed_time=0.01sec.
Erlotinib SSSR=3 isolated-rings=4 comprexed-rings=0 computed_time=0.01sec.
Dasatinib SSSR=4 isolated-rings=4 comprexed-rings=0 computed_time=0.01sec.
PHA_665752 SSSR=6 isolated-rings=7 comprexed-rings=1 computed_time=0.05sec.
TAE_684 SSSR=5 isolated-rings=5 comprexed-rings=0 computed_time=0.03sec.
GSK_690693 SSSR=4 isolated-rings=5 comprexed-rings=1 computed_time=0.01sec.
LY_317615 SSSR=6 isolated-rings=9 comprexed-rings=2 computed_time=0.08sec.
VX_745 SSSR=4 isolated-rings=5 comprexed-rings=0 computed_time=0.01sec.
GDC_0879 SSSR=4 isolated-rings=5 comprexed-rings=1 computed_time=0.01sec.
HKI_272 SSSR=4 isolated-rings=5 comprexed-rings=0 computed_time=0.02sec.
CP_690550 SSSR=3 isolated-rings=4 comprexed-rings=1 computed_time=0.01sec.
Nilotinib SSSR=5 isolated-rings=5 comprexed-rings=0 computed_time=0.03sec.
GW_2580 SSSR=3 isolated-rings=3 comprexed-rings=0 computed_time=0.01sec.
SKI_606 SSSR=4 isolated-rings=5 comprexed-rings=1 computed_time=0.02sec.
PKC_412 SSSR=9 isolated-rings=81 comprexed-rings=1150 computed_time=1.26sec.
Vandetanib SSSR=4 isolated-rings=5 comprexed-rings=1 computed_time=0.01sec.
Lapatinib SSSR=5 isolated-rings=6 comprexed-rings=0 computed_time=0.03sec.
MLN_120B SSSR=4 isolated-rings=7 comprexed-rings=0 computed_time=0sec.
CHIR_258 SSSR=5 isolated-rings=7 comprexed-rings=2 computed_time=0.01sec.
EXEL_2880 SSSR=6 isolated-rings=7 comprexed-rings=1 computed_time=0.05sec.
PLX_4720 SSSR=3 isolated-rings=4 comprexed-rings=0 computed_time=0sec.
JNJ_28312141 SSSR=4 isolated-rings=4 comprexed-rings=0 computed_time=0.01sec.
TG_100_115 SSSR=4 isolated-rings=5 comprexed-rings=0 computed_time=0.01sec.
PP_242 SSSR=4 isolated-rings=6 comprexed-rings=2 computed_time=0.01sec.
A_674563 SSSR=4 isolated-rings=5 comprexed-rings=0 computed_time=0.01sec.
R547   SSSR=3 isolated-rings=3 comprexed-rings=0 computed_time=0sec.
GDC_0941 SSSR=6 isolated-rings=8 comprexed-rings=2 computed_time=0.03sec.
CI_1040 SSSR=3 isolated-rings=3 comprexed-rings=0 computed_time=0sec.
BIBW_2992 SSSR=4 isolated-rings=5 comprexed-rings=1 computed_time=0.01sec.
Gefitinib SSSR=4 isolated-rings=5 comprexed-rings=1 computed_time=0.02sec.
Ki_20227 SSSR=4 isolated-rings=5 comprexed-rings=0 computed_time=0.01sec.
AST_487 SSSR=4 isolated-rings=4 comprexed-rings=0 computed_time=0.02sec.
CHIR_265 SSSR=5 isolated-rings=6 comprexed-rings=0 computed_time=0.02sec.
AZD_1152HQPA SSSR=4 isolated-rings=5 comprexed-rings=0 computed_time=0.02sec.
SB_203580 SSSR=4 isolated-rings=4 comprexed-rings=0 computed_time=0.01sec.
AC220  SSSR=6 isolated-rings=9 comprexed-rings=5 computed_time=0.06sec.
BMS_345541 SSSR=3 isolated-rings=6 comprexed-rings=0 computed_time=0.01sec.
AMG_706 SSSR=4 isolated-rings=5 comprexed-rings=1 computed_time=0.02sec.
BMS_387032 SSSR=3 isolated-rings=3 comprexed-rings=0 computed_time=0.01sec.
BIRB_796 SSSR=5 isolated-rings=6 comprexed-rings=1 computed_time=0.03sec.
SGX_523 SSSR=5 isolated-rings=7 comprexed-rings=0 computed_time=0.02sec.
AB_1010 SSSR=5 isolated-rings=5 comprexed-rings=0 computed_time=0.02sec.
AZD_6244 SSSR=3 isolated-rings=4 comprexed-rings=0 computed_time=0.01sec.
AT_7519 SSSR=3 isolated-rings=3 comprexed-rings=0 computed_time=0.01sec.
SU_14813 SSSR=4 isolated-rings=5 comprexed-rings=1 computed_time=0.01sec.
Staurosporine SSSR=8 isolated-rings=80 comprexed-rings=1150 computed_time=1.13sec.
PD_173955 SSSR=4 isolated-rings=5 comprexed-rings=0 computed_time=0sec.
CEP_701 SSSR=8 isolated-rings=80 comprexed-rings=1150 computed_time=1.23sec.
Crizotinib SSSR=4 isolated-rings=4 comprexed-rings=0 computed_time=0.01sec.
Sorafenib SSSR=3 isolated-rings=3 comprexed-rings=0 computed_time=0sec.
AZD_2171 SSSR=5 isolated-rings=7 comprexed-rings=2 computed_time=0.02sec.
TG_101348 SSSR=4 isolated-rings=4 comprexed-rings=0 computed_time=0.01sec.
Imatinib SSSR=5 isolated-rings=5 comprexed-rings=0 computed_time=0.03sec.
VX_680 SSSR=5 isolated-rings=5 comprexed-rings=0 computed_time=0.02sec.
GSK_461364A SSSR=5 isolated-rings=6 comprexed-rings=1 computed_time=0.01sec.
BI_2536 SSSR=5 isolated-rings=6 comprexed-rings=1 computed_time=0.03sec.
KW_2449 SSSR=4 isolated-rings=5 comprexed-rings=1 computed_time=0sec.
Sunitinib SSSR=3 isolated-rings=4 comprexed-rings=1 computed_time=0.01sec.
MLN_518 SSSR=5 isolated-rings=6 comprexed-rings=1 computed_time=0.03sec.
PTK_787 SSSR=4 isolated-rings=5 comprexed-rings=0 computed_time=0.01sec.
Flavopiridol SSSR=4 isolated-rings=5 comprexed-rings=1 computed_time=0.01sec.
CI_1033 SSSR=4 isolated-rings=5 comprexed-rings=1 computed_time=0.02sec.
BIBF_1120der SSSR=5 isolated-rings=6 comprexed-rings=1 computed_time=0.02sec.
AG_013736 SSSR=4 isolated-rings=5 comprexed-rings=0 computed_time=0.01sec.
